
*** Running vivado
    with args -log test_new.vdi -applog -m64 -product Vivado -messageDb vivado.pb -mode batch -source test_new.tcl -notrace


****** Vivado v2018.3 (64-bit)
  **** SW Build 2405991 on Thu Dec  6 23:38:27 MST 2018
  **** IP Build 2404404 on Fri Dec  7 01:43:56 MST 2018
    ** Copyright 1986-2018 Xilinx, Inc. All Rights Reserved.

source test_new.tcl -notrace
Command: link_design -top test_new -part xc7k70tfbv676-1
Design is defaulting to srcset: sources_1
Design is defaulting to constrset: constrs_1
INFO: [Netlist 29-17] Analyzing 49 Unisim elements for replacement
INFO: [Netlist 29-28] Unisim Transformation completed in 0 CPU seconds
INFO: [Project 1-479] Netlist was created with Vivado 2018.3
INFO: [Device 21-403] Loading part xc7k70tfbv676-1
INFO: [Project 1-570] Preparing netlist for logic optimization
Parsing XDC File [C:/Users/Marius_PC/PrimulLab/PrimulLab.srcs/constrs_1/new/xdcMIPS.xdc]
CRITICAL WARNING: [Vivado 12-1815] Setting property 'IOSTANDARD' is not allowed for GT terminals. [C:/Users/Marius_PC/PrimulLab/PrimulLab.srcs/constrs_1/new/xdcMIPS.xdc:2]
CRITICAL WARNING: [Common 17-69] Command failed: 'L16' is not a valid site or package pin name. [C:/Users/Marius_PC/PrimulLab/PrimulLab.srcs/constrs_1/new/xdcMIPS.xdc:10]
CRITICAL WARNING: [Common 17-69] Command failed: 'M13' is not a valid site or package pin name. [C:/Users/Marius_PC/PrimulLab/PrimulLab.srcs/constrs_1/new/xdcMIPS.xdc:11]
CRITICAL WARNING: [Common 17-69] Command failed: 'R15' is not a valid site or package pin name. [C:/Users/Marius_PC/PrimulLab/PrimulLab.srcs/constrs_1/new/xdcMIPS.xdc:12]
CRITICAL WARNING: [Common 17-69] Command failed: 'U18' is not a valid site or package pin name. [C:/Users/Marius_PC/PrimulLab/PrimulLab.srcs/constrs_1/new/xdcMIPS.xdc:15]
CRITICAL WARNING: [Common 17-69] Command failed: 'R13' is not a valid site or package pin name. [C:/Users/Marius_PC/PrimulLab/PrimulLab.srcs/constrs_1/new/xdcMIPS.xdc:16]
CRITICAL WARNING: [Common 17-69] Command failed: 'N14' is not a valid site or package pin name. [C:/Users/Marius_PC/PrimulLab/PrimulLab.srcs/constrs_1/new/xdcMIPS.xdc:22]
CRITICAL WARNING: [Common 17-69] Command failed: 'V17' is not a valid site or package pin name. [C:/Users/Marius_PC/PrimulLab/PrimulLab.srcs/constrs_1/new/xdcMIPS.xdc:24]
CRITICAL WARNING: [Common 17-69] Command failed: 'T10' is not a valid site or package pin name. [C:/Users/Marius_PC/PrimulLab/PrimulLab.srcs/constrs_1/new/xdcMIPS.xdc:29]
CRITICAL WARNING: [Common 17-69] Command failed: 'R10' is not a valid site or package pin name. [C:/Users/Marius_PC/PrimulLab/PrimulLab.srcs/constrs_1/new/xdcMIPS.xdc:30]
CRITICAL WARNING: [Common 17-69] Command failed: 'K13' is not a valid site or package pin name. [C:/Users/Marius_PC/PrimulLab/PrimulLab.srcs/constrs_1/new/xdcMIPS.xdc:32]
CRITICAL WARNING: [Common 17-69] Command failed: 'P15' is not a valid site or package pin name. [C:/Users/Marius_PC/PrimulLab/PrimulLab.srcs/constrs_1/new/xdcMIPS.xdc:33]
CRITICAL WARNING: [Common 17-69] Command failed: 'T11' is not a valid site or package pin name. [C:/Users/Marius_PC/PrimulLab/PrimulLab.srcs/constrs_1/new/xdcMIPS.xdc:34]
CRITICAL WARNING: [Common 17-69] Command failed: 'J17' is not a valid site or package pin name. [C:/Users/Marius_PC/PrimulLab/PrimulLab.srcs/constrs_1/new/xdcMIPS.xdc:38]
CRITICAL WARNING: [Common 17-69] Command failed: 'T9' is not a valid site or package pin name. [C:/Users/Marius_PC/PrimulLab/PrimulLab.srcs/constrs_1/new/xdcMIPS.xdc:40]
Finished Parsing XDC File [C:/Users/Marius_PC/PrimulLab/PrimulLab.srcs/constrs_1/new/xdcMIPS.xdc]
INFO: [Opt 31-138] Pushed 0 inverter(s) to 0 load pin(s).
Netlist sorting complete. Time (s): cpu = 00:00:00 ; elapsed = 00:00:00.001 . Memory (MB): peak = 573.609 ; gain = 0.000
INFO: [Project 1-111] Unisim Transformation Summary:
  A total of 22 instances were transformed.
  RAM256X1S => RAM256X1S (MUXF7, MUXF7, MUXF8, RAMS64E, RAMS64E, RAMS64E, RAMS64E): 16 instances
  RAM32M => RAM32M (RAMD32, RAMD32, RAMD32, RAMD32, RAMD32, RAMD32, RAMS32, RAMS32): 6 instances

7 Infos, 0 Warnings, 15 Critical Warnings and 0 Errors encountered.
link_design completed successfully
Command: opt_design
Attempting to get a license for feature 'Implementation' and/or device 'xc7k70t'
INFO: [Common 17-349] Got license for feature 'Implementation' and/or device 'xc7k70t'
Running DRC as a precondition to command opt_design

Starting DRC Task
INFO: [DRC 23-27] Running DRC with 2 threads
INFO: [Project 1-461] DRC finished with 0 Errors
INFO: [Project 1-462] Please refer to the DRC report (report_drc) for more information.

Time (s): cpu = 00:00:00 ; elapsed = 00:00:00.364 . Memory (MB): peak = 585.703 ; gain = 12.094

Starting Cache Timing Information Task
INFO: [Timing 38-35] Done setting XDC timing constraints.
Ending Cache Timing Information Task | Checksum: ea52a43c

Time (s): cpu = 00:00:05 ; elapsed = 00:00:05 . Memory (MB): peak = 1151.562 ; gain = 565.859

Starting Logic Optimization Task

Phase 1 Retarget
INFO: [Opt 31-138] Pushed 0 inverter(s) to 0 load pin(s).
INFO: [Opt 31-49] Retargeted 0 cell(s).
Phase 1 Retarget | Checksum: ea52a43c

Time (s): cpu = 00:00:00 ; elapsed = 00:00:00.034 . Memory (MB): peak = 1247.227 ; gain = 0.000
INFO: [Opt 31-389] Phase Retarget created 0 cells and removed 0 cells

Phase 2 Constant propagation
INFO: [Opt 31-138] Pushed 0 inverter(s) to 0 load pin(s).
Phase 2 Constant propagation | Checksum: ea52a43c

Time (s): cpu = 00:00:00 ; elapsed = 00:00:00.040 . Memory (MB): peak = 1247.227 ; gain = 0.000
INFO: [Opt 31-389] Phase Constant propagation created 0 cells and removed 0 cells

Phase 3 Sweep
Phase 3 Sweep | Checksum: 11653efac

Time (s): cpu = 00:00:00 ; elapsed = 00:00:00.054 . Memory (MB): peak = 1247.227 ; gain = 0.000
INFO: [Opt 31-389] Phase Sweep created 0 cells and removed 0 cells

Phase 4 BUFG optimization
Phase 4 BUFG optimization | Checksum: 11653efac

Time (s): cpu = 00:00:00 ; elapsed = 00:00:00.069 . Memory (MB): peak = 1247.227 ; gain = 0.000
INFO: [Opt 31-662] Phase BUFG optimization created 0 cells of which 0 are BUFGs and removed 0 cells.

Phase 5 Shift Register Optimization
Phase 5 Shift Register Optimization | Checksum: 78103ef6

Time (s): cpu = 00:00:00 ; elapsed = 00:00:00.099 . Memory (MB): peak = 1247.227 ; gain = 0.000
INFO: [Opt 31-389] Phase Shift Register Optimization created 0 cells and removed 0 cells

Phase 6 Post Processing Netlist
Phase 6 Post Processing Netlist | Checksum: 78103ef6

Time (s): cpu = 00:00:00 ; elapsed = 00:00:00.102 . Memory (MB): peak = 1247.227 ; gain = 0.000
INFO: [Opt 31-389] Phase Post Processing Netlist created 0 cells and removed 0 cells
Opt_design Change Summary
=========================


-------------------------------------------------------------------------------------------------------------------------
|  Phase                        |  #Cells created  |  #Cells Removed  |  #Constrained objects preventing optimizations  |
-------------------------------------------------------------------------------------------------------------------------
|  Retarget                     |               0  |               0  |                                              0  |
|  Constant propagation         |               0  |               0  |                                              0  |
|  Sweep                        |               0  |               0  |                                              0  |
|  BUFG optimization            |               0  |               0  |                                              0  |
|  Shift Register Optimization  |               0  |               0  |                                              0  |
|  Post Processing Netlist      |               0  |               0  |                                              0  |
-------------------------------------------------------------------------------------------------------------------------



Starting Connectivity Check Task

Time (s): cpu = 00:00:00 ; elapsed = 00:00:00.001 . Memory (MB): peak = 1247.227 ; gain = 0.000
Ending Logic Optimization Task | Checksum: 78103ef6

Time (s): cpu = 00:00:00 ; elapsed = 00:00:00.105 . Memory (MB): peak = 1247.227 ; gain = 0.000

Starting Power Optimization Task
INFO: [Pwropt 34-132] Skipping clock gating for clocks with a period < 2.00 ns.
Ending Power Optimization Task | Checksum: 78103ef6

Time (s): cpu = 00:00:00 ; elapsed = 00:00:00.008 . Memory (MB): peak = 1247.227 ; gain = 0.000

Starting Final Cleanup Task
Ending Final Cleanup Task | Checksum: 78103ef6

Time (s): cpu = 00:00:00 ; elapsed = 00:00:00 . Memory (MB): peak = 1247.227 ; gain = 0.000

Starting Netlist Obfuscation Task
Netlist sorting complete. Time (s): cpu = 00:00:00 ; elapsed = 00:00:00 . Memory (MB): peak = 1247.227 ; gain = 0.000
Ending Netlist Obfuscation Task | Checksum: 78103ef6

Time (s): cpu = 00:00:00 ; elapsed = 00:00:00 . Memory (MB): peak = 1247.227 ; gain = 0.000
INFO: [Common 17-83] Releasing license: Implementation
23 Infos, 0 Warnings, 15 Critical Warnings and 0 Errors encountered.
opt_design completed successfully
opt_design: Time (s): cpu = 00:00:06 ; elapsed = 00:00:07 . Memory (MB): peak = 1247.227 ; gain = 673.617
Netlist sorting complete. Time (s): cpu = 00:00:00 ; elapsed = 00:00:00 . Memory (MB): peak = 1247.227 ; gain = 0.000
INFO: [Timing 38-480] Writing timing data to binary archive.
Writing placer database...
Writing XDEF routing.
Writing XDEF routing logical nets.
Writing XDEF routing special nets.
Write XDEF Complete: Time (s): cpu = 00:00:00 ; elapsed = 00:00:00.016 . Memory (MB): peak = 1247.227 ; gain = 0.000
Netlist sorting complete. Time (s): cpu = 00:00:00 ; elapsed = 00:00:00 . Memory (MB): peak = 1247.227 ; gain = 0.000
INFO: [Common 17-1381] The checkpoint 'C:/Users/Marius_PC/PrimulLab/PrimulLab.runs/impl_1/test_new_opt.dcp' has been generated.
INFO: [runtcl-4] Executing : report_drc -file test_new_drc_opted.rpt -pb test_new_drc_opted.pb -rpx test_new_drc_opted.rpx
Command: report_drc -file test_new_drc_opted.rpt -pb test_new_drc_opted.pb -rpx test_new_drc_opted.rpx
INFO: [IP_Flow 19-234] Refreshing IP repositories
INFO: [IP_Flow 19-1704] No user IP repositories specified
INFO: [IP_Flow 19-2313] Loaded Vivado IP repository 'C:/Xilinx/Vivado/2018.3/data/ip'.
INFO: [DRC 23-27] Running DRC with 2 threads
INFO: [Coretcl 2-168] The results of DRC are in file C:/Users/Marius_PC/PrimulLab/PrimulLab.runs/impl_1/test_new_drc_opted.rpt.
report_drc completed successfully
Command: place_design
Attempting to get a license for feature 'Implementation' and/or device 'xc7k70t'
INFO: [Common 17-349] Got license for feature 'Implementation' and/or device 'xc7k70t'
INFO: [DRC 23-27] Running DRC with 2 threads
INFO: [Vivado_Tcl 4-198] DRC finished with 0 Errors
INFO: [Vivado_Tcl 4-199] Please refer to the DRC report (report_drc) for more information.
Running DRC as a precondition to command place_design
INFO: [DRC 23-27] Running DRC with 2 threads
INFO: [Vivado_Tcl 4-198] DRC finished with 0 Errors
INFO: [Vivado_Tcl 4-199] Please refer to the DRC report (report_drc) for more information.

Starting Placer Task
INFO: [Place 30-611] Multithreading enabled for place_design using a maximum of 2 CPUs

Phase 1 Placer Initialization

Phase 1.1 Placer Initialization Netlist Sorting
Netlist sorting complete. Time (s): cpu = 00:00:00 ; elapsed = 00:00:00 . Memory (MB): peak = 1247.227 ; gain = 0.000
Phase 1.1 Placer Initialization Netlist Sorting | Checksum: 4261a95a

Time (s): cpu = 00:00:00 ; elapsed = 00:00:00.008 . Memory (MB): peak = 1247.227 ; gain = 0.000
Netlist sorting complete. Time (s): cpu = 00:00:00 ; elapsed = 00:00:00 . Memory (MB): peak = 1247.227 ; gain = 0.000

Phase 1.2 IO Placement/ Clock Placement/ Build Placer Device
WARNING: [Place 30-87] Partially locked IO Bus is found. Following components of the IO Bus an are not locked:  'an[2]'  'an[0]' 
WARNING: [Place 30-87] Partially locked IO Bus is found. Following components of the IO Bus cat are not locked:  'cat[5]'  'cat[4]'  'cat[3]'  'cat[1]'  'cat[0]' 
WARNING: [Place 30-87] Partially locked IO Bus is found. Following components of the IO Bus leds are not locked:  'leds[5]'  'leds[3]' 
WARNING: [Place 30-87] Partially locked IO Bus is found. Following components of the IO Bus sw are not locked:  'sw[7]'  'sw[6]'  'sw[3]'  'sw[2]'  'sw[1]' 
INFO: [Timing 38-35] Done setting XDC timing constraints.
ERROR: [Place 30-574] Poor placement for routing between an IO pin and BUFG. If this sub optimal condition is acceptable for this design, you may use the CLOCK_DEDICATED_ROUTE constraint in the .xdc file to demote this message to a WARNING. However, the use of this override is highly discouraged. These examples can be used directly in the .xdc file to override this clock rule.
	< set_property CLOCK_DEDICATED_ROUTE FALSE [get_nets clk_IBUF] >

	clk_IBUF_inst (IBUF.O) is locked to IPAD_X0Y36
	clk_IBUF_BUFG_inst (BUFG.I) is provisionally placed by clockplacer on BUFGCTRL_X0Y31
Resolution: Poor placement of an IO pin and a BUFG has resulted in the router using a non-dedicated path between the two.  There are several things that could trigger this DRC, each of which can cause unpredictable clock insertion delays that result in poor timing.  This DRC could be caused by any of the following: (a) a clock port was placed on a pin that is not a CCIO-pin (b)the BUFG has not been placed in the same half of the device or SLR as the CCIO-pin (c) a single ended clock has been placed on the N-Side of a differential pair CCIO-pin.
Phase 1.2 IO Placement/ Clock Placement/ Build Placer Device | Checksum: 64afcf4d

Time (s): cpu = 00:00:00 ; elapsed = 00:00:00.435 . Memory (MB): peak = 1247.227 ; gain = 0.000
Phase 1 Placer Initialization | Checksum: 64afcf4d

Time (s): cpu = 00:00:00 ; elapsed = 00:00:00.436 . Memory (MB): peak = 1247.227 ; gain = 0.000
ERROR: [Place 30-99] Placer failed with error: 'IO Clock Placer failed'
Please review all ERROR, CRITICAL WARNING, and WARNING messages during placement to understand the cause for failure.
Ending Placer Task | Checksum: 64afcf4d

Time (s): cpu = 00:00:00 ; elapsed = 00:00:00.439 . Memory (MB): peak = 1247.227 ; gain = 0.000
INFO: [Common 17-83] Releasing license: Implementation
41 Infos, 4 Warnings, 15 Critical Warnings and 3 Errors encountered.
place_design failed
ERROR: [Common 17-69] Command failed: Placer could not place all instances
INFO: [Common 17-206] Exiting Vivado at Thu Apr 30 09:31:48 2026...
