Vivado Simulator 2018.3
Copyright 1986-1999, 2001-2018 Xilinx, Inc. All Rights Reserved.
Running: C:/Xilinx/Vivado/2018.3/bin/unwrapped/win64.o/xelab.exe -wto cc2ad0e263ee437cb06e96256b5aaaf3 --incr --debug typical --relax --mt 2 -L xil_defaultlib -L secureip --snapshot tb_test_new_behav xil_defaultlib.tb_test_new -log elaborate.log 
Using 2 slave threads.
Starting static elaboration
Completed static elaboration
Starting simulation data flow analysis
Completed simulation data flow analysis
Time Resolution for simulation is 1ps
Compiling package std.standard
Compiling package std.textio
Compiling package ieee.std_logic_1164
Compiling package ieee.numeric_std
Compiling architecture behavioral of entity xil_defaultlib.IFU [ifu_default]
Compiling architecture behavioral of entity xil_defaultlib.MPG [mpg_default]
Compiling architecture behavioral of entity xil_defaultlib.ControlUnit [controlunit_default]
Compiling architecture behavioral of entity xil_defaultlib.reg_file [reg_file_default]
Compiling architecture behavioral of entity xil_defaultlib.ID [id_default]
Compiling architecture behavioral of entity xil_defaultlib.EX [ex_default]
Compiling architecture behavioral of entity xil_defaultlib.MEM [mem_default]
Compiling architecture behavioral of entity xil_defaultlib.SSD [ssd_default]
Compiling architecture behavioral of entity xil_defaultlib.test_new [test_new_default]
Compiling architecture sim of entity xil_defaultlib.tb_test_new
Built simulation snapshot tb_test_new_behav
